\BOOKMARK [0][]{chapter.1}{1\040Introduction}{}% 1
\BOOKMARK [1][]{section.1.1}{1.1\040Context\040and\040Motivation}{chapter.1}% 2
\BOOKMARK [1][]{section.1.2}{1.2\040Background}{chapter.1}% 3
\BOOKMARK [1][]{section.1.3}{1.3\040Research\040Question}{chapter.1}% 4
\BOOKMARK [1][]{section.1.4}{1.4\040Goals\040and\040Methods}{chapter.1}% 5
\BOOKMARK [1][]{section.1.5}{1.5\040Results}{chapter.1}% 6
\BOOKMARK [1][]{section.1.6}{1.6\040Thesis\040Overview}{chapter.1}% 7
\BOOKMARK [0][]{chapter.2}{2\040Related\040Work}{}% 8
\BOOKMARK [1][]{section.2.1}{2.1\040Digital\040phenotyping:\040a\040global\040tool\040for\040psychiatry}{chapter.2}% 9
\BOOKMARK [1][]{section.2.2}{2.2\040Learning\040Significant\040Locations\040and\040Predicting\040User\040Movement\040With\040GPS}{chapter.2}% 10
\BOOKMARK [1][]{section.2.3}{2.3\040Density-based\040Spatial\040Clustering\040of\040Applications\040with\040Noise\040\(DBSCAN\)}{chapter.2}% 11
\BOOKMARK [1][]{section.2.4}{2.4\040Mathematical\040Definitions}{chapter.2}% 12
\BOOKMARK [1][]{section.2.5}{2.5\040The\040DBSCAN\040Algorithm}{chapter.2}% 13
\BOOKMARK [1][]{section.2.6}{2.6\040The\040Relationship\040between\040Clinical,\040Momentary,\040and\040Sensor-based\040Assessment\040of\040Depression}{chapter.2}% 14
\BOOKMARK [1][]{section.2.7}{2.7\040Extraction\040of\040Behavioral\040Features\040from\040Smartphone\040and\040Wearable\040Data}{chapter.2}% 15
\BOOKMARK [1][]{section.2.8}{2.8\040Inferring\040Human\040Mobility\040from\040Sparse\040Low\040Accuracy\040Mobile\040Sensing\040Data}{chapter.2}% 16
\BOOKMARK [1][]{section.2.9}{2.9\040Trajectories\040of\040Depression:\040Unobtrusive\040Monitoring\040of\040Depressive\040States\040by\040means\040of\040Smartphone\040Mobility\040Traces\040Analysis}{chapter.2}% 17
\BOOKMARK [1][]{section.2.10}{2.10\040AWARE:\040Mobile\040Context\040Instrumentation\040Framework}{chapter.2}% 18
\BOOKMARK [1][]{section.2.11}{2.11\040Rohani:\040The\040MORIBUS\040&\040MUBS\040Systems}{chapter.2}% 19
\BOOKMARK [1][]{section.2.12}{2.12\040The\040CAMS\040Framework}{chapter.2}% 20
\BOOKMARK [0][]{chapter.3}{3\040Theory}{}% 21
\BOOKMARK [1][]{section.3.1}{3.1\040Location\040Data}{chapter.3}% 22
\BOOKMARK [1][]{section.3.2}{3.2\040Feature\040Descriptions}{chapter.3}% 23
\BOOKMARK [1][]{section.3.3}{3.3\040Feature\040Discussion}{chapter.3}% 24
\BOOKMARK [1][]{section.3.4}{3.4\040Feature\040Definitions}{chapter.3}% 25
\BOOKMARK [0][]{chapter.4}{4\040Software\040Design}{}% 26
\BOOKMARK [1][]{section.4.1}{4.1\040Architectural\040Overview}{chapter.4}% 27
\BOOKMARK [1][]{section.4.2}{4.2\040Data\040Model}{chapter.4}% 28
\BOOKMARK [1][]{section.4.3}{4.3\040Requirements\040and\040Design\040Choices}{chapter.4}% 29
\BOOKMARK [0][]{chapter.5}{5\040Flutter\040Implementation}{}% 30
\BOOKMARK [1][]{section.5.1}{5.1\040Flutter,\040Packages\040and\040Plugins}{chapter.5}% 31
\BOOKMARK [1][]{section.5.2}{5.2\040Implementing\040the\040Flutter\040Package}{chapter.5}% 32
\BOOKMARK [1][]{section.5.3}{5.3\040API\040Usage}{chapter.5}% 33
\BOOKMARK [1][]{section.5.4}{5.4\040Unit\040Testing}{chapter.5}% 34
\BOOKMARK [1][]{section.5.5}{5.5\040Publishing\040a\040Package}{chapter.5}% 35
\BOOKMARK [1][]{section.5.6}{5.6\040CAMS\040Integration}{chapter.5}% 36
\BOOKMARK [0][]{chapter.6}{6\040Validation}{}% 37
\BOOKMARK [1][]{section.6.1}{6.1\040Field\040Study}{chapter.6}% 38
\BOOKMARK [1][]{section.6.2}{6.2\040Routine\040Index}{chapter.6}% 39
\BOOKMARK [1][]{section.6.3}{6.3\040Study\040Application}{chapter.6}% 40
\BOOKMARK [1][]{section.6.4}{6.4\040Application\040Implementation}{chapter.6}% 41
